<html>
<head>
<title>TestNG:  Default test</title>
<link href="../testng.css" rel="stylesheet" type="text/css" />
<link href="../my-testng.css" rel="stylesheet" type="text/css" />

<style type="text/css">
.log { display: none;} 
.stack-trace { display: none;} 
</style>
<script type="text/javascript">
<!--
function flip(e) {
  current = e.style.display;
  if (current == 'block') {
    e.style.display = 'none';
    return 0;
  }
  else {
    e.style.display = 'block';
    return 1;
  }
}

function toggleBox(szDivId, elem, msg1, msg2)
{
  var res = -1;  if (document.getElementById) {
    res = flip(document.getElementById(szDivId));
  }
  else if (document.all) {
    // this is the way old msie versions work
    res = flip(document.all[szDivId]);
  }
  if(elem) {
    if(res == 0) elem.innerHTML = msg1; else elem.innerHTML = msg2;
  }

}

function toggleAllBoxes() {
  if (document.getElementsByTagName) {
    d = document.getElementsByTagName('div');
    for (i = 0; i < d.length; i++) {
      if (d[i].className == 'log') {
        flip(d[i]);
      }
    }
  }
}

// -->
</script>

</head>
<body>
<h2 align='center'>Default test</h2><table border='1' align="center">
<tr>
<<<<<<< HEAD
=======
<<<<<<< HEAD
=======
<<<<<<< HEAD
=======
<<<<<<< HEAD
=======
<<<<<<< HEAD
>>>>>>> branch 'master' of https://github.com/JhanaviAsopa/GUIFramework.git
>>>>>>> branch 'master' of https://github.com/magendran07/GUIFramework.git
<td>Tests passed/Failed/Skipped:</td><td>1/0/0</td>
<<<<<<< HEAD
=======
<<<<<<< HEAD
=======
=======
<<<<<<< HEAD
=======
<<<<<<< HEAD
<td>Tests passed/Failed/Skipped:</td><td>0/4/1</td>
=======
<<<<<<< HEAD
<<<<<<< HEAD
>>>>>>> branch 'master' of https://github.com/Basavaraj-A-Patil/GUIFramework.git
=======
>>>>>>> branch 'master' of https://github.com/raghavendra9686628797/GUIFramework.git
<<<<<<< HEAD
>>>>>>> branch 'master' of https://github.com/Basavaraj-A-Patil/GUIFramework.git
=======
>>>>>>> branch 'master' of https://github.com/Sanjay-Neelagund/GUIFramework.git
>>>>>>> branch 'master' of https://github.com/Basavaraj-A-Patil/GUIFramework.git
<td>Tests passed/Failed/Skipped:</td><td>1/0/0</td>
<<<<<<< HEAD
=======
<<<<<<< HEAD
=======
=======
<<<<<<< HEAD
>>>>>>> branch 'master' of https://github.com/raghavendra9686628797/GUIFramework.git
<td>Tests passed/Failed/Skipped:</td><td>1/0/0</td>
<<<<<<< HEAD
=======
=======
<td>Tests passed/Failed/Skipped:</td><td>0/1/0</td>
>>>>>>> branch 'master' of https://github.com/raghavendra9686628797/GUIFramework.git
>>>>>>> branch 'master' of https://github.com/JhanaviAsopa/GUIFramework.git
>>>>>>> branch 'master' of https://github.com/Sanjay-Neelagund/GUIFramework.git
>>>>>>> branch 'master' of https://github.com/raghavendra9686628797/GUIFramework.git
>>>>>>> branch 'master' of https://github.com/magendran07/GUIFramework.git
<<<<<<< HEAD
>>>>>>> branch 'master' of https://github.com/Basavaraj-A-Patil/GUIFramework.git
=======
>>>>>>> branch 'master' of https://github.com/raghavendra9686628797/GUIFramework.git
<<<<<<< HEAD
>>>>>>> branch 'master' of https://github.com/Basavaraj-A-Patil/GUIFramework.git
=======
>>>>>>> branch 'master' of https://github.com/Sanjay-Neelagund/GUIFramework.git
>>>>>>> branch 'master' of https://github.com/JhanaviAsopa/GUIFramework.git
>>>>>>> branch 'master' of https://github.com/magendran07/GUIFramework.git
>>>>>>> branch 'master' of https://github.com/Basavaraj-A-Patil/GUIFramework.git
</tr><tr>
<<<<<<< HEAD
<<<<<<< HEAD
<<<<<<< HEAD
<td>Started on:</td><td>Tue Jun 04 12:31:02 IST 2024</td>
=======
=======
<td>Started on:</td><td>Tue Jun 04 15:14:31 IST 2024</td>
=======
<<<<<<< HEAD
<td>Started on:</td><td>Tue Jun 04 14:50:25 IST 2024</td>
=======
<<<<<<< HEAD
<td>Started on:</td><td>Tue Jun 04 13:18:33 IST 2024</td>
=======
<<<<<<< HEAD
>>>>>>> branch 'master' of https://github.com/Basavaraj-A-Patil/GUIFramework.git
<td>Started on:</td><td>Tue Jun 04 12:53:31 IST 2024</td>
>>>>>>> branch 'master' of https://github.com/Basavaraj-A-Patil/GUIFramework.git
=======
<<<<<<< HEAD
<td>Started on:</td><td>Tue Jun 04 12:58:22 IST 2024</td>
=======
<<<<<<< HEAD
<td>Started on:</td><td>Tue Jun 04 10:20:31 IST 2024</td>
=======
<<<<<<< HEAD
<td>Started on:</td><td>Mon Jun 03 18:21:51 IST 2024</td>
=======
<<<<<<< HEAD
<td>Started on:</td><td>Mon Jun 03 18:17:29 IST 2024</td>
=======
<<<<<<< HEAD
<td>Started on:</td><td>Mon Jun 03 17:39:08 IST 2024</td>
=======
<td>Started on:</td><td>Mon Jun 03 15:19:51 IST 2024</td>
>>>>>>> branch 'master' of https://github.com/raghavendra9686628797/GUIFramework.git
>>>>>>> branch 'master' of https://github.com/JhanaviAsopa/GUIFramework.git
>>>>>>> branch 'master' of https://github.com/Sanjay-Neelagund/GUIFramework.git
>>>>>>> branch 'master' of https://github.com/raghavendra9686628797/GUIFramework.git
>>>>>>> branch 'master' of https://github.com/magendran07/GUIFramework.git
<<<<<<< HEAD
>>>>>>> branch 'master' of https://github.com/Basavaraj-A-Patil/GUIFramework.git
=======
>>>>>>> branch 'master' of https://github.com/raghavendra9686628797/GUIFramework.git
<<<<<<< HEAD
>>>>>>> branch 'master' of https://github.com/Basavaraj-A-Patil/GUIFramework.git
=======
>>>>>>> branch 'master' of https://github.com/Sanjay-Neelagund/GUIFramework.git
>>>>>>> branch 'master' of https://github.com/JhanaviAsopa/GUIFramework.git
>>>>>>> branch 'master' of https://github.com/magendran07/GUIFramework.git
>>>>>>> branch 'master' of https://github.com/Basavaraj-A-Patil/GUIFramework.git
</tr>
<<<<<<< HEAD
<<<<<<< HEAD
<<<<<<< HEAD
<tr><td>Total time:</td><td>21 seconds (21462 ms)</td>
=======
=======
<tr><td>Total time:</td><td>24 seconds (24872 ms)</td>
=======
<<<<<<< HEAD
<tr><td>Total time:</td><td>33 seconds (33128 ms)</td>
=======
<<<<<<< HEAD
<tr><td>Total time:</td><td>19 seconds (19439 ms)</td>
=======
<<<<<<< HEAD
>>>>>>> branch 'master' of https://github.com/Basavaraj-A-Patil/GUIFramework.git
<tr><td>Total time:</td><td>224 seconds (224978 ms)</td>
>>>>>>> branch 'master' of https://github.com/Basavaraj-A-Patil/GUIFramework.git
=======
<<<<<<< HEAD
<tr><td>Total time:</td><td>10 seconds (10256 ms)</td>
=======
<<<<<<< HEAD
<tr><td>Total time:</td><td>59 seconds (59387 ms)</td>
=======
<<<<<<< HEAD
<tr><td>Total time:</td><td>24 seconds (24500 ms)</td>
=======
<<<<<<< HEAD
<tr><td>Total time:</td><td>17 seconds (17769 ms)</td>
=======
<<<<<<< HEAD
<tr><td>Total time:</td><td>30 seconds (30659 ms)</td>
=======
<tr><td>Total time:</td><td>20 seconds (20048 ms)</td>
>>>>>>> branch 'master' of https://github.com/raghavendra9686628797/GUIFramework.git
>>>>>>> branch 'master' of https://github.com/JhanaviAsopa/GUIFramework.git
>>>>>>> branch 'master' of https://github.com/Sanjay-Neelagund/GUIFramework.git
>>>>>>> branch 'master' of https://github.com/raghavendra9686628797/GUIFramework.git
>>>>>>> branch 'master' of https://github.com/magendran07/GUIFramework.git
<<<<<<< HEAD
>>>>>>> branch 'master' of https://github.com/Basavaraj-A-Patil/GUIFramework.git
=======
>>>>>>> branch 'master' of https://github.com/raghavendra9686628797/GUIFramework.git
<<<<<<< HEAD
>>>>>>> branch 'master' of https://github.com/Basavaraj-A-Patil/GUIFramework.git
=======
>>>>>>> branch 'master' of https://github.com/Sanjay-Neelagund/GUIFramework.git
>>>>>>> branch 'master' of https://github.com/JhanaviAsopa/GUIFramework.git
>>>>>>> branch 'master' of https://github.com/magendran07/GUIFramework.git
>>>>>>> branch 'master' of https://github.com/Basavaraj-A-Patil/GUIFramework.git
</tr><tr>
<td>Included groups:</td><td></td>
</tr><tr>
<td>Excluded groups:</td><td></td>
</tr>
</table><p/>
<small><i>(Hover the method name to see the test class name)</i></small><p/>
<table width='100%' border='1' class='invocation-passed'>
<tr><td colspan='4' align='center'><b>PASSED TESTS</b></td></tr>
<tr><td><b>Test method</b></td>
<td width="30%"><b>Exception</b></td>
<td width="10%"><b>Time (seconds)</b></td>
<td><b>Instance</b></td>
</tr>
<tr>
<<<<<<< HEAD
<<<<<<< HEAD
<<<<<<< HEAD
<td title='com.comcast.crm.producttest.CreateProductTest.Add_Leads_For_Products()'><b>Add_Leads_For_Products</b><br>Test class: com.comcast.crm.producttest.CreateProductTest</td>
=======
=======
=======
<<<<<<< HEAD
=======
<<<<<<< HEAD
<td title='com.comcast.crm.producttest.CreateProductTest.Add_Leads_For_Products()'><b>Add_Leads_For_Products</b><br>Test class: com.comcast.crm.producttest.CreateProductTest</td>
=======
<<<<<<< HEAD
>>>>>>> branch 'master' of https://github.com/Basavaraj-A-Patil/GUIFramework.git
<td title='com.comcast.crm.campaigns.AddcontactToCampaign.add_Contact_To_Campaigns()'><b>add_Contact_To_Campaigns</b><br>Test class: com.comcast.crm.campaigns.AddcontactToCampaign</td>
>>>>>>> branch 'master' of https://github.com/Basavaraj-A-Patil/GUIFramework.git
=======
<<<<<<< HEAD
>>>>>>> branch 'master' of https://github.com/magendran07/GUIFramework.git
<td title='com.comcast.crm.quotestest.createFilterTest.createFilter()'><b>createFilter</b><br>Test class: com.comcast.crm.quotestest.createFilterTest</td>
<td></td>
<td>13</td>
<td>com.comcast.crm.quotestest.createFilterTest@49c90a9c</td></tr>
<<<<<<< HEAD
=======
=======
<<<<<<< HEAD
<td title='com.comcast.crm.campaigns.Advance_Search.searchWithNameContainsInCampaignName()'><b>searchWithNameContainsInCampaignName</b><br>Test class: com.comcast.crm.campaigns.Advance_Search</td>
=======
<<<<<<< HEAD
<td title='com.comcast.crm.producttest.CreateProductTest.Create_Product_With_Mandatory_Fields()'><b>Create_Product_With_Mandatory_Fields</b><br>Test class: com.comcast.crm.producttest.CreateProductTest</td>
<td><div><pre>org.apache.poi.EmptyFileException: The supplied file was empty (zero bytes long)
	at org.apache.poi.util.IOUtils.peekFirstNBytes(IOUtils.java:111)
	at org.apache.poi.poifs.filesystem.FileMagic.valueOf(FileMagic.java:206)
	at org.apache.poi.ss.usermodel.WorkbookFactory.create(WorkbookFactory.java:248)
	at org.apache.poi.ss.usermodel.WorkbookFactory.create(WorkbookFactory.java:221)
	at com.comcast.crm.generic.fileutility.ExcelUtility.getDataFromExcel(ExcelUtility.java:30)
	at com.comcast.crm.producttest.CreateProductTest.Create_Product_With_Mandatory_Fields(CreateProductTest.java:37)
=======
<<<<<<< HEAD
>>>>>>> branch 'master' of https://github.com/JhanaviAsopa/GUIFramework.git
<td title='com.comcast.crm.organizationtest.createAContactInMoreInfoTest.creata_A_Contact()'><b>creata_A_Contact</b><br>Test class: com.comcast.crm.organizationtest.createAContactInMoreInfoTest</td>
<<<<<<< HEAD
=======
=======
<<<<<<< HEAD
<td title='com.comcast.crm.campaigns.CreateCampaignWithProduct.campaignWithProduct()'><b>campaignWithProduct</b><br>Test class: com.comcast.crm.campaigns.CreateCampaignWithProduct</td>
>>>>>>> branch 'master' of https://github.com/JhanaviAsopa/GUIFramework.git
>>>>>>> branch 'master' of https://github.com/raghavendra9686628797/GUIFramework.git
<<<<<<< HEAD
>>>>>>> branch 'master' of https://github.com/Basavaraj-A-Patil/GUIFramework.git
=======
>>>>>>> branch 'master' of https://github.com/raghavendra9686628797/GUIFramework.git
<<<<<<< HEAD
>>>>>>> branch 'master' of https://github.com/Basavaraj-A-Patil/GUIFramework.git
=======
>>>>>>> branch 'master' of https://github.com/Sanjay-Neelagund/GUIFramework.git
>>>>>>> branch 'master' of https://github.com/JhanaviAsopa/GUIFramework.git
>>>>>>> branch 'master' of https://github.com/Basavaraj-A-Patil/GUIFramework.git
<td></td>
<<<<<<< HEAD
<<<<<<< HEAD
<<<<<<< HEAD
<td>16</td>
<td>com.comcast.crm.producttest.CreateProductTest@7331196b</td></tr>
=======
=======
<td>23</td>
<td>com.comcast.crm.organizationtest.createAContactInMoreInfoTest@5a7fe64f</td></tr>
=======
<<<<<<< HEAD
=======
<<<<<<< HEAD
>>>>>>> branch 'master' of https://github.com/Basavaraj-A-Patil/GUIFramework.git
<td>152</td>
<td>com.comcast.crm.campaigns.AddcontactToCampaign@72437d8d</td></tr>
>>>>>>> branch 'master' of https://github.com/Basavaraj-A-Patil/GUIFramework.git
=======
<<<<<<< HEAD
<td>22</td>
<td>com.comcast.crm.campaigns.Advance_Search@6d025197</td></tr>
=======
<<<<<<< HEAD
>>>>>>> branch 'master' of https://github.com/Sanjay-Neelagund/GUIFramework.git
<td>12</td>
<<<<<<< HEAD
<td>com.comcast.crm.producttest.CreateProductTest@7331196b</td></tr>
=======
<td>com.comcast.crm.organizationtest.createAContactInMoreInfoTest@508dec2b</td></tr>
=======
<td>19</td>
<td>com.comcast.crm.campaigns.CreateCampaignWithProduct@72437d8d</td></tr>
=======
<td title='com.comcast.crm.oppotunityTest.OpportunityTest.Create_opportunity_with_ContactTest()'><b>Create_opportunity_with_ContactTest</b><br>Test class: com.comcast.crm.oppotunityTest.OpportunityTest</td>
<td><div><pre>java.lang.AssertionError: expected [false] but found [true]
	at org.testng.Assert.fail(Assert.java:96)
	at org.testng.Assert.failNotEquals(Assert.java:776)
	at org.testng.Assert.assertEqualsImpl(Assert.java:137)
	at org.testng.Assert.assertEquals(Assert.java:118)
	at org.testng.Assert.assertEquals(Assert.java:568)
	at org.testng.Assert.assertEquals(Assert.java:578)
	at com.comcast.crm.oppotunityTest.OpportunityTest.Create_opportunity_with_ContactTest(OpportunityTest.java:57)
>>>>>>> branch 'master' of https://github.com/Sanjay-Neelagund/GUIFramework.git
	at java.base/jdk.internal.reflect.NativeMethodAccessorImpl.invoke0(Native Method)
	at java.base/jdk.internal.reflect.NativeMethodAccessorImpl.invoke(NativeMethodAccessorImpl.java:77)
	at java.base/jdk.internal.reflect.DelegatingMethodAccessorImpl.invoke(DelegatingMethodAccessorImpl.java:43)
	at java.base/java.lang.reflect.Method.invoke(Method.java:568)
	at org.testng.internal.MethodInvocationHelper.invokeMethod(MethodInvocationHelper.java:124)
	at org.testng.internal.Invoker.invokeMethod(Invoker.java:583)
	at org.testng.internal.Invoker.invokeTestMethod(Invoker.java:719)
	at org.testng.internal.Invoker.invokeTestMethods(Invoker.java:989)
	at org.testng.internal.TestMethodWorker.invokeTestMethods(TestMethodWorker.java:125)
	at org.testng.internal.TestMethodWorker.run(TestMethodWorker.java:109)
	at org.testng.TestRunner.privateRun(TestRunner.java:648)
	at org.testng.TestRunner.run(TestRunner.java:505)
	at org.testng.SuiteRunner.runTest(SuiteRunner.java:455)
	at org.testng.SuiteRunner.runSequentially(SuiteRunner.java:450)
	at org.testng.SuiteRunner.privateRun(SuiteRunner.java:415)
	at org.testng.SuiteRunner.run(SuiteRunner.java:364)
	at org.testng.SuiteRunnerWorker.runSuite(SuiteRunnerWorker.java:52)
	at org.testng.SuiteRunnerWorker.run(SuiteRunnerWorker.java:84)
	at org.testng.TestNG.runSuitesSequentially(TestNG.java:1208)
	at org.testng.TestNG.runSuitesLocally(TestNG.java:1137)
	at org.testng.TestNG.runSuites(TestNG.java:1049)
	at org.testng.TestNG.run(TestNG.java:1017)
	at org.testng.remote.AbstractRemoteTestNG.run(AbstractRemoteTestNG.java:115)
	at org.testng.remote.RemoteTestNG.initAndRun(RemoteTestNG.java:293)
	at org.testng.remote.RemoteTestNG.main(RemoteTestNG.java:91)
</pre></div><a href='#' onClick='toggleBox("stack-trace245703044", this, "Click to show all stack frames", "Click to hide stack frames")'>Click to show all stack frames</a>
<div class='stack-trace' id='stack-trace245703044'><pre>org.apache.poi.EmptyFileException: The supplied file was empty (zero bytes long)
	at org.apache.poi.util.IOUtils.peekFirstNBytes(IOUtils.java:111)
	at org.apache.poi.poifs.filesystem.FileMagic.valueOf(FileMagic.java:206)
	at org.apache.poi.ss.usermodel.WorkbookFactory.create(WorkbookFactory.java:248)
	at org.apache.poi.ss.usermodel.WorkbookFactory.create(WorkbookFactory.java:221)
	at com.comcast.crm.generic.fileutility.ExcelUtility.getDataFromExcel(ExcelUtility.java:30)
	at com.comcast.crm.producttest.CreateProductTest.Create_Product_With_Mandatory_Fields(CreateProductTest.java:37)
	at java.base/jdk.internal.reflect.NativeMethodAccessorImpl.invoke0(Native Method)
	at java.base/jdk.internal.reflect.NativeMethodAccessorImpl.invoke(NativeMethodAccessorImpl.java:77)
	at java.base/jdk.internal.reflect.DelegatingMethodAccessorImpl.invoke(DelegatingMethodAccessorImpl.java:43)
	at java.base/java.lang.reflect.Method.invoke(Method.java:568)
	at org.testng.internal.MethodInvocationHelper.invokeMethod(MethodInvocationHelper.java:124)
	at org.testng.internal.Invoker.invokeMethod(Invoker.java:583)
	at org.testng.internal.Invoker.invokeTestMethod(Invoker.java:719)
	at org.testng.internal.Invoker.invokeTestMethods(Invoker.java:989)
	at org.testng.internal.TestMethodWorker.invokeTestMethods(TestMethodWorker.java:125)
	at org.testng.internal.TestMethodWorker.run(TestMethodWorker.java:109)
	at org.testng.TestRunner.privateRun(TestRunner.java:648)
	at org.testng.TestRunner.run(TestRunner.java:505)
	at org.testng.SuiteRunner.runTest(SuiteRunner.java:455)
	at org.testng.SuiteRunner.runSequentially(SuiteRunner.java:450)
	at org.testng.SuiteRunner.privateRun(SuiteRunner.java:415)
	at org.testng.SuiteRunner.run(SuiteRunner.java:364)
	at org.testng.SuiteRunnerWorker.runSuite(SuiteRunnerWorker.java:52)
	at org.testng.SuiteRunnerWorker.run(SuiteRunnerWorker.java:84)
	at org.testng.TestNG.runSuitesSequentially(TestNG.java:1208)
	at org.testng.TestNG.runSuitesLocally(TestNG.java:1137)
	at org.testng.TestNG.runSuites(TestNG.java:1049)
	at org.testng.TestNG.run(TestNG.java:1017)
	at org.testng.remote.AbstractRemoteTestNG.run(AbstractRemoteTestNG.java:115)
	at org.testng.remote.RemoteTestNG.initAndRun(RemoteTestNG.java:293)
	at org.testng.remote.RemoteTestNG.main(RemoteTestNG.java:91)
</pre></div></td>
<<<<<<< HEAD
<td>3</td>
<td>com.comcast.crm.producttest.CreateProductTest@41e68d87</td></tr>
<tr>
<td title='com.comcast.crm.producttest.CreateProductTest.Create_Product_With_ProductCategory()'><b>Create_Product_With_ProductCategory</b><br>Test class: com.comcast.crm.producttest.CreateProductTest</td>
<td><div><pre>org.apache.poi.EmptyFileException: The supplied file was empty (zero bytes long)
	at org.apache.poi.util.IOUtils.peekFirstNBytes(IOUtils.java:111)
	at org.apache.poi.poifs.filesystem.FileMagic.valueOf(FileMagic.java:206)
	at org.apache.poi.ss.usermodel.WorkbookFactory.create(WorkbookFactory.java:248)
	at org.apache.poi.ss.usermodel.WorkbookFactory.create(WorkbookFactory.java:221)
	at com.comcast.crm.generic.fileutility.ExcelUtility.getDataFromExcel(ExcelUtility.java:30)
	at com.comcast.crm.producttest.CreateProductTest.Create_Product_With_ProductCategory(CreateProductTest.java:63)
	at java.base/jdk.internal.reflect.NativeMethodAccessorImpl.invoke0(Native Method)
	at java.base/jdk.internal.reflect.NativeMethodAccessorImpl.invoke(NativeMethodAccessorImpl.java:77)
	at java.base/jdk.internal.reflect.DelegatingMethodAccessorImpl.invoke(DelegatingMethodAccessorImpl.java:43)
	at java.base/java.lang.reflect.Method.invoke(Method.java:568)
	at org.testng.internal.MethodInvocationHelper.invokeMethod(MethodInvocationHelper.java:124)
	at org.testng.internal.Invoker.invokeMethod(Invoker.java:583)
	at org.testng.internal.Invoker.invokeTestMethod(Invoker.java:719)
	at org.testng.internal.Invoker.invokeTestMethods(Invoker.java:989)
	at org.testng.internal.TestMethodWorker.invokeTestMethods(TestMethodWorker.java:125)
	at org.testng.internal.TestMethodWorker.run(TestMethodWorker.java:109)
	at org.testng.TestRunner.privateRun(TestRunner.java:648)
	at org.testng.TestRunner.run(TestRunner.java:505)
	at org.testng.SuiteRunner.runTest(SuiteRunner.java:455)
	at org.testng.SuiteRunner.runSequentially(SuiteRunner.java:450)
	at org.testng.SuiteRunner.privateRun(SuiteRunner.java:415)
	at org.testng.SuiteRunner.run(SuiteRunner.java:364)
	at org.testng.SuiteRunnerWorker.runSuite(SuiteRunnerWorker.java:52)
	at org.testng.SuiteRunnerWorker.run(SuiteRunnerWorker.java:84)
	at org.testng.TestNG.runSuitesSequentially(TestNG.java:1208)
	at org.testng.TestNG.runSuitesLocally(TestNG.java:1137)
	at org.testng.TestNG.runSuites(TestNG.java:1049)
	at org.testng.TestNG.run(TestNG.java:1017)
	at org.testng.remote.AbstractRemoteTestNG.run(AbstractRemoteTestNG.java:115)
	at org.testng.remote.RemoteTestNG.initAndRun(RemoteTestNG.java:293)
	at org.testng.remote.RemoteTestNG.main(RemoteTestNG.java:91)
</pre></div><a href='#' onClick='toggleBox("stack-trace1542437569", this, "Click to show all stack frames", "Click to hide stack frames")'>Click to show all stack frames</a>
<div class='stack-trace' id='stack-trace1542437569'><pre>org.apache.poi.EmptyFileException: The supplied file was empty (zero bytes long)
	at org.apache.poi.util.IOUtils.peekFirstNBytes(IOUtils.java:111)
	at org.apache.poi.poifs.filesystem.FileMagic.valueOf(FileMagic.java:206)
	at org.apache.poi.ss.usermodel.WorkbookFactory.create(WorkbookFactory.java:248)
	at org.apache.poi.ss.usermodel.WorkbookFactory.create(WorkbookFactory.java:221)
	at com.comcast.crm.generic.fileutility.ExcelUtility.getDataFromExcel(ExcelUtility.java:30)
	at com.comcast.crm.producttest.CreateProductTest.Create_Product_With_ProductCategory(CreateProductTest.java:63)
	at java.base/jdk.internal.reflect.NativeMethodAccessorImpl.invoke0(Native Method)
	at java.base/jdk.internal.reflect.NativeMethodAccessorImpl.invoke(NativeMethodAccessorImpl.java:77)
	at java.base/jdk.internal.reflect.DelegatingMethodAccessorImpl.invoke(DelegatingMethodAccessorImpl.java:43)
	at java.base/java.lang.reflect.Method.invoke(Method.java:568)
	at org.testng.internal.MethodInvocationHelper.invokeMethod(MethodInvocationHelper.java:124)
	at org.testng.internal.Invoker.invokeMethod(Invoker.java:583)
	at org.testng.internal.Invoker.invokeTestMethod(Invoker.java:719)
	at org.testng.internal.Invoker.invokeTestMethods(Invoker.java:989)
	at org.testng.internal.TestMethodWorker.invokeTestMethods(TestMethodWorker.java:125)
	at org.testng.internal.TestMethodWorker.run(TestMethodWorker.java:109)
	at org.testng.TestRunner.privateRun(TestRunner.java:648)
	at org.testng.TestRunner.run(TestRunner.java:505)
	at org.testng.SuiteRunner.runTest(SuiteRunner.java:455)
	at org.testng.SuiteRunner.runSequentially(SuiteRunner.java:450)
	at org.testng.SuiteRunner.privateRun(SuiteRunner.java:415)
	at org.testng.SuiteRunner.run(SuiteRunner.java:364)
	at org.testng.SuiteRunnerWorker.runSuite(SuiteRunnerWorker.java:52)
	at org.testng.SuiteRunnerWorker.run(SuiteRunnerWorker.java:84)
	at org.testng.TestNG.runSuitesSequentially(TestNG.java:1208)
	at org.testng.TestNG.runSuitesLocally(TestNG.java:1137)
	at org.testng.TestNG.runSuites(TestNG.java:1049)
	at org.testng.TestNG.run(TestNG.java:1017)
	at org.testng.remote.AbstractRemoteTestNG.run(AbstractRemoteTestNG.java:115)
	at org.testng.remote.RemoteTestNG.initAndRun(RemoteTestNG.java:293)
	at org.testng.remote.RemoteTestNG.main(RemoteTestNG.java:91)
</pre></div></td>
<td>3</td>
<td>com.comcast.crm.producttest.CreateProductTest@41e68d87</td></tr>
<tr>
<td title='com.comcast.crm.producttest.CreateProductTest.Delete_the_product()'><b>Delete_the_product</b><br>Test class: com.comcast.crm.producttest.CreateProductTest</td>
<td><div><pre>org.apache.poi.EmptyFileException: The supplied file was empty (zero bytes long)
	at org.apache.poi.util.IOUtils.peekFirstNBytes(IOUtils.java:111)
	at org.apache.poi.poifs.filesystem.FileMagic.valueOf(FileMagic.java:206)
	at org.apache.poi.ss.usermodel.WorkbookFactory.create(WorkbookFactory.java:248)
	at org.apache.poi.ss.usermodel.WorkbookFactory.create(WorkbookFactory.java:221)
	at com.comcast.crm.generic.fileutility.ExcelUtility.getDataFromExcel(ExcelUtility.java:30)
	at com.comcast.crm.producttest.CreateProductTest.Delete_the_product(CreateProductTest.java:178)
	at java.base/jdk.internal.reflect.NativeMethodAccessorImpl.invoke0(Native Method)
	at java.base/jdk.internal.reflect.NativeMethodAccessorImpl.invoke(NativeMethodAccessorImpl.java:77)
	at java.base/jdk.internal.reflect.DelegatingMethodAccessorImpl.invoke(DelegatingMethodAccessorImpl.java:43)
	at java.base/java.lang.reflect.Method.invoke(Method.java:568)
	at org.testng.internal.MethodInvocationHelper.invokeMethod(MethodInvocationHelper.java:124)
	at org.testng.internal.Invoker.invokeMethod(Invoker.java:583)
	at org.testng.internal.Invoker.invokeTestMethod(Invoker.java:719)
	at org.testng.internal.Invoker.invokeTestMethods(Invoker.java:989)
	at org.testng.internal.TestMethodWorker.invokeTestMethods(TestMethodWorker.java:125)
	at org.testng.internal.TestMethodWorker.run(TestMethodWorker.java:109)
	at org.testng.TestRunner.privateRun(TestRunner.java:648)
	at org.testng.TestRunner.run(TestRunner.java:505)
	at org.testng.SuiteRunner.runTest(SuiteRunner.java:455)
	at org.testng.SuiteRunner.runSequentially(SuiteRunner.java:450)
	at org.testng.SuiteRunner.privateRun(SuiteRunner.java:415)
	at org.testng.SuiteRunner.run(SuiteRunner.java:364)
	at org.testng.SuiteRunnerWorker.runSuite(SuiteRunnerWorker.java:52)
	at org.testng.SuiteRunnerWorker.run(SuiteRunnerWorker.java:84)
	at org.testng.TestNG.runSuitesSequentially(TestNG.java:1208)
	at org.testng.TestNG.runSuitesLocally(TestNG.java:1137)
	at org.testng.TestNG.runSuites(TestNG.java:1049)
	at org.testng.TestNG.run(TestNG.java:1017)
	at org.testng.remote.AbstractRemoteTestNG.run(AbstractRemoteTestNG.java:115)
	at org.testng.remote.RemoteTestNG.initAndRun(RemoteTestNG.java:293)
	at org.testng.remote.RemoteTestNG.main(RemoteTestNG.java:91)
</pre></div><a href='#' onClick='toggleBox("stack-trace746436902", this, "Click to show all stack frames", "Click to hide stack frames")'>Click to show all stack frames</a>
<div class='stack-trace' id='stack-trace746436902'><pre>org.apache.poi.EmptyFileException: The supplied file was empty (zero bytes long)
	at org.apache.poi.util.IOUtils.peekFirstNBytes(IOUtils.java:111)
	at org.apache.poi.poifs.filesystem.FileMagic.valueOf(FileMagic.java:206)
	at org.apache.poi.ss.usermodel.WorkbookFactory.create(WorkbookFactory.java:248)
	at org.apache.poi.ss.usermodel.WorkbookFactory.create(WorkbookFactory.java:221)
	at com.comcast.crm.generic.fileutility.ExcelUtility.getDataFromExcel(ExcelUtility.java:30)
	at com.comcast.crm.producttest.CreateProductTest.Delete_the_product(CreateProductTest.java:178)
	at java.base/jdk.internal.reflect.NativeMethodAccessorImpl.invoke0(Native Method)
	at java.base/jdk.internal.reflect.NativeMethodAccessorImpl.invoke(NativeMethodAccessorImpl.java:77)
	at java.base/jdk.internal.reflect.DelegatingMethodAccessorImpl.invoke(DelegatingMethodAccessorImpl.java:43)
	at java.base/java.lang.reflect.Method.invoke(Method.java:568)
	at org.testng.internal.MethodInvocationHelper.invokeMethod(MethodInvocationHelper.java:124)
	at org.testng.internal.Invoker.invokeMethod(Invoker.java:583)
	at org.testng.internal.Invoker.invokeTestMethod(Invoker.java:719)
	at org.testng.internal.Invoker.invokeTestMethods(Invoker.java:989)
	at org.testng.internal.TestMethodWorker.invokeTestMethods(TestMethodWorker.java:125)
	at org.testng.internal.TestMethodWorker.run(TestMethodWorker.java:109)
	at org.testng.TestRunner.privateRun(TestRunner.java:648)
	at org.testng.TestRunner.run(TestRunner.java:505)
	at org.testng.SuiteRunner.runTest(SuiteRunner.java:455)
	at org.testng.SuiteRunner.runSequentially(SuiteRunner.java:450)
	at org.testng.SuiteRunner.privateRun(SuiteRunner.java:415)
	at org.testng.SuiteRunner.run(SuiteRunner.java:364)
	at org.testng.SuiteRunnerWorker.runSuite(SuiteRunnerWorker.java:52)
	at org.testng.SuiteRunnerWorker.run(SuiteRunnerWorker.java:84)
	at org.testng.TestNG.runSuitesSequentially(TestNG.java:1208)
	at org.testng.TestNG.runSuitesLocally(TestNG.java:1137)
	at org.testng.TestNG.runSuites(TestNG.java:1049)
	at org.testng.TestNG.run(TestNG.java:1017)
	at org.testng.remote.AbstractRemoteTestNG.run(AbstractRemoteTestNG.java:115)
	at org.testng.remote.RemoteTestNG.initAndRun(RemoteTestNG.java:293)
	at org.testng.remote.RemoteTestNG.main(RemoteTestNG.java:91)
</pre></div></td>
<td>2</td>
<td>com.comcast.crm.producttest.CreateProductTest@41e68d87</td></tr>
<tr>
<td title='com.comcast.crm.producttest.CreateProductTest.create_Product_With_VendorName()'><b>create_Product_With_VendorName</b><br>Test class: com.comcast.crm.producttest.CreateProductTest</td>
<td><div><pre>org.apache.poi.EmptyFileException: The supplied file was empty (zero bytes long)
	at org.apache.poi.util.IOUtils.peekFirstNBytes(IOUtils.java:111)
	at org.apache.poi.poifs.filesystem.FileMagic.valueOf(FileMagic.java:206)
	at org.apache.poi.ss.usermodel.WorkbookFactory.create(WorkbookFactory.java:248)
	at org.apache.poi.ss.usermodel.WorkbookFactory.create(WorkbookFactory.java:221)
	at com.comcast.crm.generic.fileutility.ExcelUtility.getDataFromExcel(ExcelUtility.java:30)
	at com.comcast.crm.producttest.CreateProductTest.create_Product_With_VendorName(CreateProductTest.java:93)
	at java.base/jdk.internal.reflect.NativeMethodAccessorImpl.invoke0(Native Method)
	at java.base/jdk.internal.reflect.NativeMethodAccessorImpl.invoke(NativeMethodAccessorImpl.java:77)
	at java.base/jdk.internal.reflect.DelegatingMethodAccessorImpl.invoke(DelegatingMethodAccessorImpl.java:43)
	at java.base/java.lang.reflect.Method.invoke(Method.java:568)
	at org.testng.internal.MethodInvocationHelper.invokeMethod(MethodInvocationHelper.java:124)
	at org.testng.internal.Invoker.invokeMethod(Invoker.java:583)
	at org.testng.internal.Invoker.invokeTestMethod(Invoker.java:719)
	at org.testng.internal.Invoker.invokeTestMethods(Invoker.java:989)
	at org.testng.internal.TestMethodWorker.invokeTestMethods(TestMethodWorker.java:125)
	at org.testng.internal.TestMethodWorker.run(TestMethodWorker.java:109)
	at org.testng.TestRunner.privateRun(TestRunner.java:648)
	at org.testng.TestRunner.run(TestRunner.java:505)
	at org.testng.SuiteRunner.runTest(SuiteRunner.java:455)
	at org.testng.SuiteRunner.runSequentially(SuiteRunner.java:450)
	at org.testng.SuiteRunner.privateRun(SuiteRunner.java:415)
	at org.testng.SuiteRunner.run(SuiteRunner.java:364)
	at org.testng.SuiteRunnerWorker.runSuite(SuiteRunnerWorker.java:52)
	at org.testng.SuiteRunnerWorker.run(SuiteRunnerWorker.java:84)
	at org.testng.TestNG.runSuitesSequentially(TestNG.java:1208)
	at org.testng.TestNG.runSuitesLocally(TestNG.java:1137)
	at org.testng.TestNG.runSuites(TestNG.java:1049)
	at org.testng.TestNG.run(TestNG.java:1017)
	at org.testng.remote.AbstractRemoteTestNG.run(AbstractRemoteTestNG.java:115)
	at org.testng.remote.RemoteTestNG.initAndRun(RemoteTestNG.java:293)
	at org.testng.remote.RemoteTestNG.main(RemoteTestNG.java:91)
</pre></div><a href='#' onClick='toggleBox("stack-trace416285645", this, "Click to show all stack frames", "Click to hide stack frames")'>Click to show all stack frames</a>
<div class='stack-trace' id='stack-trace416285645'><pre>org.apache.poi.EmptyFileException: The supplied file was empty (zero bytes long)
	at org.apache.poi.util.IOUtils.peekFirstNBytes(IOUtils.java:111)
	at org.apache.poi.poifs.filesystem.FileMagic.valueOf(FileMagic.java:206)
	at org.apache.poi.ss.usermodel.WorkbookFactory.create(WorkbookFactory.java:248)
	at org.apache.poi.ss.usermodel.WorkbookFactory.create(WorkbookFactory.java:221)
	at com.comcast.crm.generic.fileutility.ExcelUtility.getDataFromExcel(ExcelUtility.java:30)
	at com.comcast.crm.producttest.CreateProductTest.create_Product_With_VendorName(CreateProductTest.java:93)
	at java.base/jdk.internal.reflect.NativeMethodAccessorImpl.invoke0(Native Method)
	at java.base/jdk.internal.reflect.NativeMethodAccessorImpl.invoke(NativeMethodAccessorImpl.java:77)
	at java.base/jdk.internal.reflect.DelegatingMethodAccessorImpl.invoke(DelegatingMethodAccessorImpl.java:43)
	at java.base/java.lang.reflect.Method.invoke(Method.java:568)
	at org.testng.internal.MethodInvocationHelper.invokeMethod(MethodInvocationHelper.java:124)
	at org.testng.internal.Invoker.invokeMethod(Invoker.java:583)
	at org.testng.internal.Invoker.invokeTestMethod(Invoker.java:719)
	at org.testng.internal.Invoker.invokeTestMethods(Invoker.java:989)
	at org.testng.internal.TestMethodWorker.invokeTestMethods(TestMethodWorker.java:125)
	at org.testng.internal.TestMethodWorker.run(TestMethodWorker.java:109)
	at org.testng.TestRunner.privateRun(TestRunner.java:648)
	at org.testng.TestRunner.run(TestRunner.java:505)
	at org.testng.SuiteRunner.runTest(SuiteRunner.java:455)
	at org.testng.SuiteRunner.runSequentially(SuiteRunner.java:450)
	at org.testng.SuiteRunner.privateRun(SuiteRunner.java:415)
	at org.testng.SuiteRunner.run(SuiteRunner.java:364)
	at org.testng.SuiteRunnerWorker.runSuite(SuiteRunnerWorker.java:52)
	at org.testng.SuiteRunnerWorker.run(SuiteRunnerWorker.java:84)
	at org.testng.TestNG.runSuitesSequentially(TestNG.java:1208)
	at org.testng.TestNG.runSuitesLocally(TestNG.java:1137)
	at org.testng.TestNG.runSuites(TestNG.java:1049)
	at org.testng.TestNG.run(TestNG.java:1017)
	at org.testng.remote.AbstractRemoteTestNG.run(AbstractRemoteTestNG.java:115)
	at org.testng.remote.RemoteTestNG.initAndRun(RemoteTestNG.java:293)
	at org.testng.remote.RemoteTestNG.main(RemoteTestNG.java:91)
</pre></div></td>
<td>2</td>
<td>com.comcast.crm.producttest.CreateProductTest@41e68d87</td></tr>
</table><p>
<table width='100%' border='1' class='invocation-skipped'>
<tr><td colspan='4' align='center'><b>SKIPPED TESTS</b></td></tr>
<tr><td><b>Test method</b></td>
<td width="30%"><b>Exception</b></td>
<td width="10%"><b>Time (seconds)</b></td>
<td><b>Instance</b></td>
</tr>
<tr>
<td title='com.comcast.crm.producttest.CreateProductTest.Add_Organization_To_ExistedProduct()'><b>Add_Organization_To_ExistedProduct</b><br>Test class: com.comcast.crm.producttest.CreateProductTest</td>
<td><div><pre>java.lang.Throwable: Method CreateProductTest.Add_Organization_To_ExistedProduct()[pri:0, instance:com.comcast.crm.producttest.CreateProductTest@41e68d87] depends on not successfully finished methods
	at org.testng.internal.Invoker.invokeTestMethods(Invoker.java:888)
	at org.testng.internal.TestMethodWorker.invokeTestMethods(TestMethodWorker.java:125)
	at org.testng.internal.TestMethodWorker.run(TestMethodWorker.java:109)
	at org.testng.TestRunner.privateRun(TestRunner.java:648)
	at org.testng.TestRunner.run(TestRunner.java:505)
	at org.testng.SuiteRunner.runTest(SuiteRunner.java:455)
	at org.testng.SuiteRunner.runSequentially(SuiteRunner.java:450)
	at org.testng.SuiteRunner.privateRun(SuiteRunner.java:415)
	at org.testng.SuiteRunner.run(SuiteRunner.java:364)
	at org.testng.SuiteRunnerWorker.runSuite(SuiteRunnerWorker.java:52)
	at org.testng.SuiteRunnerWorker.run(SuiteRunnerWorker.java:84)
	at org.testng.TestNG.runSuitesSequentially(TestNG.java:1208)
	at org.testng.TestNG.runSuitesLocally(TestNG.java:1137)
	at org.testng.TestNG.runSuites(TestNG.java:1049)
	at org.testng.TestNG.run(TestNG.java:1017)
	at org.testng.remote.AbstractRemoteTestNG.run(AbstractRemoteTestNG.java:115)
	at org.testng.remote.RemoteTestNG.initAndRun(RemoteTestNG.java:293)
	at org.testng.remote.RemoteTestNG.main(RemoteTestNG.java:91)
</pre></div><a href='#' onClick='toggleBox("stack-trace1992235960", this, "Click to show all stack frames", "Click to hide stack frames")'>Click to show all stack frames</a>
<div class='stack-trace' id='stack-trace1992235960'><pre>java.lang.Throwable: Method CreateProductTest.Add_Organization_To_ExistedProduct()[pri:0, instance:com.comcast.crm.producttest.CreateProductTest@41e68d87] depends on not successfully finished methods
	at org.testng.internal.Invoker.invokeTestMethods(Invoker.java:888)
	at org.testng.internal.TestMethodWorker.invokeTestMethods(TestMethodWorker.java:125)
	at org.testng.internal.TestMethodWorker.run(TestMethodWorker.java:109)
	at org.testng.TestRunner.privateRun(TestRunner.java:648)
	at org.testng.TestRunner.run(TestRunner.java:505)
	at org.testng.SuiteRunner.runTest(SuiteRunner.java:455)
	at org.testng.SuiteRunner.runSequentially(SuiteRunner.java:450)
	at org.testng.SuiteRunner.privateRun(SuiteRunner.java:415)
	at org.testng.SuiteRunner.run(SuiteRunner.java:364)
	at org.testng.SuiteRunnerWorker.runSuite(SuiteRunnerWorker.java:52)
	at org.testng.SuiteRunnerWorker.run(SuiteRunnerWorker.java:84)
	at org.testng.TestNG.runSuitesSequentially(TestNG.java:1208)
	at org.testng.TestNG.runSuitesLocally(TestNG.java:1137)
	at org.testng.TestNG.runSuites(TestNG.java:1049)
	at org.testng.TestNG.run(TestNG.java:1017)
	at org.testng.remote.AbstractRemoteTestNG.run(AbstractRemoteTestNG.java:115)
	at org.testng.remote.RemoteTestNG.initAndRun(RemoteTestNG.java:293)
	at org.testng.remote.RemoteTestNG.main(RemoteTestNG.java:91)
</pre></div></td>
<td>0</td>
<td>null</td></tr>
=======
<td>10</td>
<td>com.comcast.crm.oppotunityTest.OpportunityTest@49c90a9c</td></tr>
>>>>>>> branch 'master' of https://github.com/raghavendra9686628797/GUIFramework.git
>>>>>>> branch 'master' of https://github.com/JhanaviAsopa/GUIFramework.git
>>>>>>> branch 'master' of https://github.com/Sanjay-Neelagund/GUIFramework.git
>>>>>>> branch 'master' of https://github.com/raghavendra9686628797/GUIFramework.git
>>>>>>> branch 'master' of https://github.com/magendran07/GUIFramework.git
<<<<<<< HEAD
>>>>>>> branch 'master' of https://github.com/Basavaraj-A-Patil/GUIFramework.git
=======
>>>>>>> branch 'master' of https://github.com/raghavendra9686628797/GUIFramework.git
<<<<<<< HEAD
>>>>>>> branch 'master' of https://github.com/Basavaraj-A-Patil/GUIFramework.git
=======
>>>>>>> branch 'master' of https://github.com/Sanjay-Neelagund/GUIFramework.git
>>>>>>> branch 'master' of https://github.com/JhanaviAsopa/GUIFramework.git
>>>>>>> branch 'master' of https://github.com/magendran07/GUIFramework.git
>>>>>>> branch 'master' of https://github.com/Basavaraj-A-Patil/GUIFramework.git
</table><p>
</body>
</html>