<?xml version="1.0" encoding="UTF-8"?>
<!-- Generated by org.testng.reporters.JUnitXMLReporter -->
<<<<<<< HEAD
<<<<<<< HEAD
<testsuite ignored="3" hostname="FFE-Asha-R" failures="0" tests="1" name="Default test" time="26.669" errors="0" timestamp="04 Jun 2024 07:32:39 GMT">
  <testcase classname="com.comcast.crm.oppotunityTest.OpportunityTest" name="add_Quote_To_OpportunityTest" time="20.004"/>
  <testcase classname="com.comcast.crm.oppotunityTest.OpportunityTest" name="Create_opportunity_with_ContactTest" time="0.0">
    <ignored/>
  </testcase> <!-- Create_opportunity_with_ContactTest -->
  <testcase classname="com.comcast.crm.oppotunityTest.OpportunityTest" name="Add_Document_to_OpportunityTest" time="0.0">
    <ignored/>
  </testcase> <!-- Add_Document_to_OpportunityTest -->
  <testcase classname="com.comcast.crm.oppotunityTest.OpportunityTest" name="Create_Invoice_For_OpportunityTest" time="0.0">
    <ignored/>
  </testcase> <!-- Create_Invoice_For_OpportunityTest -->
</testsuite> <!-- Default test -->
=======
<testsuite ignored="0" hostname="Raghav" failures="0" tests="1" name="Default test" time="224.978" errors="0" timestamp="04 Jun 2024 07:27:16 GMT">
  <testcase classname="com.comcast.crm.campaigns.AddcontactToCampaign" name="add_Contact_To_Campaigns" time="152.564"/>
>>>>>>> branch 'master' of https://github.com/Asha22R/GUIFramework.git
=======
<<<<<<< HEAD
<testsuite ignored="0" hostname="TYSS-Magendran" failures="0" tests="1" name="Default test" time="10.256" errors="0" timestamp="04 Jun 2024 07:28:32 GMT">
  <testcase classname="com.comcast.crm.quotestest.createFilterTest" name="createFilter" time="5.533"/>
=======
<<<<<<< HEAD
<testsuite ignored="0" hostname="Raghav" failures="0" tests="1" name="Default test" time="59.387" errors="0" timestamp="04 Jun 2024 04:51:30 GMT">
  <testcase classname="com.comcast.crm.campaigns.Advance_Search" name="searchWithNameContainsInCampaignName" time="22.608"/>
=======
<<<<<<< HEAD
<testsuite ignored="0" hostname="TYSS-Sanjay" failures="4" tests="5" name="Default test" time="24.5" errors="0" timestamp="03 Jun 2024 12:52:15 GMT">
  <testcase classname="com.comcast.crm.producttest.CreateProductTest" name="Create_Product_With_Mandatory_Fields" time="3.008">
    <failure type="org.apache.poi.EmptyFileException" message="The supplied file was empty (zero bytes long)">
      <![CDATA[org.apache.poi.EmptyFileException: The supplied file was empty (zero bytes long)
at org.apache.poi.util.IOUtils.peekFirstNBytes(IOUtils.java:111)
at org.apache.poi.poifs.filesystem.FileMagic.valueOf(FileMagic.java:206)
at org.apache.poi.ss.usermodel.WorkbookFactory.create(WorkbookFactory.java:248)
at org.apache.poi.ss.usermodel.WorkbookFactory.create(WorkbookFactory.java:221)
at com.comcast.crm.generic.fileutility.ExcelUtility.getDataFromExcel(ExcelUtility.java:30)
at com.comcast.crm.producttest.CreateProductTest.Create_Product_With_Mandatory_Fields(CreateProductTest.java:37)
=======
<<<<<<< HEAD
<testsuite ignored="0" hostname="TYSS-Jhanvi-Asopa" failures="0" tests="1" name="Default test" time="17.769" errors="0" timestamp="03 Jun 2024 12:47:46 GMT">
  <testcase classname="com.comcast.crm.organizationtest.createAContactInMoreInfoTest" name="creata_A_Contact" time="12.35"/>
=======
<<<<<<< HEAD
<testsuite ignored="0" hostname="Raghav" failures="0" tests="1" name="Default test" time="30.659" errors="0" timestamp="03 Jun 2024 12:09:39 GMT">
  <testcase classname="com.comcast.crm.campaigns.CreateCampaignWithProduct" name="campaignWithProduct" time="19.746"/>
=======
<testsuite ignored="0" hostname="FFE-Asha-R" failures="1" tests="1" name="Default test" time="20.048" errors="0" timestamp="03 Jun 2024 09:50:11 GMT">
  <testcase classname="com.comcast.crm.oppotunityTest.OpportunityTest" name="Create_opportunity_with_ContactTest" time="10.002">
    <failure type="java.lang.AssertionError" message="expected [false] but found [true]">
      <![CDATA[java.lang.AssertionError: expected [false] but found [true]
at org.testng.Assert.fail(Assert.java:96)
at org.testng.Assert.failNotEquals(Assert.java:776)
at org.testng.Assert.assertEqualsImpl(Assert.java:137)
at org.testng.Assert.assertEquals(Assert.java:118)
at org.testng.Assert.assertEquals(Assert.java:568)
at org.testng.Assert.assertEquals(Assert.java:578)
at com.comcast.crm.oppotunityTest.OpportunityTest.Create_opportunity_with_ContactTest(OpportunityTest.java:57)
>>>>>>> branch 'master' of https://github.com/Sanjay-Neelagund/GUIFramework.git
at java.base/jdk.internal.reflect.NativeMethodAccessorImpl.invoke0(Native Method)
at java.base/jdk.internal.reflect.NativeMethodAccessorImpl.invoke(NativeMethodAccessorImpl.java:77)
at java.base/jdk.internal.reflect.DelegatingMethodAccessorImpl.invoke(DelegatingMethodAccessorImpl.java:43)
at java.base/java.lang.reflect.Method.invoke(Method.java:568)
at org.testng.internal.MethodInvocationHelper.invokeMethod(MethodInvocationHelper.java:124)
at org.testng.internal.Invoker.invokeMethod(Invoker.java:583)
at org.testng.internal.Invoker.invokeTestMethod(Invoker.java:719)
at org.testng.internal.Invoker.invokeTestMethods(Invoker.java:989)
at org.testng.internal.TestMethodWorker.invokeTestMethods(TestMethodWorker.java:125)
at org.testng.internal.TestMethodWorker.run(TestMethodWorker.java:109)
at org.testng.TestRunner.privateRun(TestRunner.java:648)
at org.testng.TestRunner.run(TestRunner.java:505)
at org.testng.SuiteRunner.runTest(SuiteRunner.java:455)
at org.testng.SuiteRunner.runSequentially(SuiteRunner.java:450)
at org.testng.SuiteRunner.privateRun(SuiteRunner.java:415)
at org.testng.SuiteRunner.run(SuiteRunner.java:364)
at org.testng.SuiteRunnerWorker.runSuite(SuiteRunnerWorker.java:52)
at org.testng.SuiteRunnerWorker.run(SuiteRunnerWorker.java:84)
at org.testng.TestNG.runSuitesSequentially(TestNG.java:1208)
at org.testng.TestNG.runSuitesLocally(TestNG.java:1137)
at org.testng.TestNG.runSuites(TestNG.java:1049)
at org.testng.TestNG.run(TestNG.java:1017)
at org.testng.remote.AbstractRemoteTestNG.run(AbstractRemoteTestNG.java:115)
at org.testng.remote.RemoteTestNG.initAndRun(RemoteTestNG.java:293)
at org.testng.remote.RemoteTestNG.main(RemoteTestNG.java:91)
]]>
    </failure>
<<<<<<< HEAD
  </testcase> <!-- Create_Product_With_Mandatory_Fields -->
  <testcase classname="com.comcast.crm.producttest.CreateProductTest" name="Create_Product_With_ProductCategory" time="3.058">
    <failure type="org.apache.poi.EmptyFileException" message="The supplied file was empty (zero bytes long)">
      <![CDATA[org.apache.poi.EmptyFileException: The supplied file was empty (zero bytes long)
at org.apache.poi.util.IOUtils.peekFirstNBytes(IOUtils.java:111)
at org.apache.poi.poifs.filesystem.FileMagic.valueOf(FileMagic.java:206)
at org.apache.poi.ss.usermodel.WorkbookFactory.create(WorkbookFactory.java:248)
at org.apache.poi.ss.usermodel.WorkbookFactory.create(WorkbookFactory.java:221)
at com.comcast.crm.generic.fileutility.ExcelUtility.getDataFromExcel(ExcelUtility.java:30)
at com.comcast.crm.producttest.CreateProductTest.Create_Product_With_ProductCategory(CreateProductTest.java:63)
at java.base/jdk.internal.reflect.NativeMethodAccessorImpl.invoke0(Native Method)
at java.base/jdk.internal.reflect.NativeMethodAccessorImpl.invoke(NativeMethodAccessorImpl.java:77)
at java.base/jdk.internal.reflect.DelegatingMethodAccessorImpl.invoke(DelegatingMethodAccessorImpl.java:43)
at java.base/java.lang.reflect.Method.invoke(Method.java:568)
at org.testng.internal.MethodInvocationHelper.invokeMethod(MethodInvocationHelper.java:124)
at org.testng.internal.Invoker.invokeMethod(Invoker.java:583)
at org.testng.internal.Invoker.invokeTestMethod(Invoker.java:719)
at org.testng.internal.Invoker.invokeTestMethods(Invoker.java:989)
at org.testng.internal.TestMethodWorker.invokeTestMethods(TestMethodWorker.java:125)
at org.testng.internal.TestMethodWorker.run(TestMethodWorker.java:109)
at org.testng.TestRunner.privateRun(TestRunner.java:648)
at org.testng.TestRunner.run(TestRunner.java:505)
at org.testng.SuiteRunner.runTest(SuiteRunner.java:455)
at org.testng.SuiteRunner.runSequentially(SuiteRunner.java:450)
at org.testng.SuiteRunner.privateRun(SuiteRunner.java:415)
at org.testng.SuiteRunner.run(SuiteRunner.java:364)
at org.testng.SuiteRunnerWorker.runSuite(SuiteRunnerWorker.java:52)
at org.testng.SuiteRunnerWorker.run(SuiteRunnerWorker.java:84)
at org.testng.TestNG.runSuitesSequentially(TestNG.java:1208)
at org.testng.TestNG.runSuitesLocally(TestNG.java:1137)
at org.testng.TestNG.runSuites(TestNG.java:1049)
at org.testng.TestNG.run(TestNG.java:1017)
at org.testng.remote.AbstractRemoteTestNG.run(AbstractRemoteTestNG.java:115)
at org.testng.remote.RemoteTestNG.initAndRun(RemoteTestNG.java:293)
at org.testng.remote.RemoteTestNG.main(RemoteTestNG.java:91)
]]>
    </failure>
  </testcase> <!-- Create_Product_With_ProductCategory -->
  <testcase classname="com.comcast.crm.producttest.CreateProductTest" name="Delete_the_product" time="2.075">
    <failure type="org.apache.poi.EmptyFileException" message="The supplied file was empty (zero bytes long)">
      <![CDATA[org.apache.poi.EmptyFileException: The supplied file was empty (zero bytes long)
at org.apache.poi.util.IOUtils.peekFirstNBytes(IOUtils.java:111)
at org.apache.poi.poifs.filesystem.FileMagic.valueOf(FileMagic.java:206)
at org.apache.poi.ss.usermodel.WorkbookFactory.create(WorkbookFactory.java:248)
at org.apache.poi.ss.usermodel.WorkbookFactory.create(WorkbookFactory.java:221)
at com.comcast.crm.generic.fileutility.ExcelUtility.getDataFromExcel(ExcelUtility.java:30)
at com.comcast.crm.producttest.CreateProductTest.Delete_the_product(CreateProductTest.java:178)
at java.base/jdk.internal.reflect.NativeMethodAccessorImpl.invoke0(Native Method)
at java.base/jdk.internal.reflect.NativeMethodAccessorImpl.invoke(NativeMethodAccessorImpl.java:77)
at java.base/jdk.internal.reflect.DelegatingMethodAccessorImpl.invoke(DelegatingMethodAccessorImpl.java:43)
at java.base/java.lang.reflect.Method.invoke(Method.java:568)
at org.testng.internal.MethodInvocationHelper.invokeMethod(MethodInvocationHelper.java:124)
at org.testng.internal.Invoker.invokeMethod(Invoker.java:583)
at org.testng.internal.Invoker.invokeTestMethod(Invoker.java:719)
at org.testng.internal.Invoker.invokeTestMethods(Invoker.java:989)
at org.testng.internal.TestMethodWorker.invokeTestMethods(TestMethodWorker.java:125)
at org.testng.internal.TestMethodWorker.run(TestMethodWorker.java:109)
at org.testng.TestRunner.privateRun(TestRunner.java:648)
at org.testng.TestRunner.run(TestRunner.java:505)
at org.testng.SuiteRunner.runTest(SuiteRunner.java:455)
at org.testng.SuiteRunner.runSequentially(SuiteRunner.java:450)
at org.testng.SuiteRunner.privateRun(SuiteRunner.java:415)
at org.testng.SuiteRunner.run(SuiteRunner.java:364)
at org.testng.SuiteRunnerWorker.runSuite(SuiteRunnerWorker.java:52)
at org.testng.SuiteRunnerWorker.run(SuiteRunnerWorker.java:84)
at org.testng.TestNG.runSuitesSequentially(TestNG.java:1208)
at org.testng.TestNG.runSuitesLocally(TestNG.java:1137)
at org.testng.TestNG.runSuites(TestNG.java:1049)
at org.testng.TestNG.run(TestNG.java:1017)
at org.testng.remote.AbstractRemoteTestNG.run(AbstractRemoteTestNG.java:115)
at org.testng.remote.RemoteTestNG.initAndRun(RemoteTestNG.java:293)
at org.testng.remote.RemoteTestNG.main(RemoteTestNG.java:91)
]]>
    </failure>
  </testcase> <!-- Delete_the_product -->
  <testcase classname="com.comcast.crm.producttest.CreateProductTest" name="create_Product_With_VendorName" time="2.886">
    <failure type="org.apache.poi.EmptyFileException" message="The supplied file was empty (zero bytes long)">
      <![CDATA[org.apache.poi.EmptyFileException: The supplied file was empty (zero bytes long)
at org.apache.poi.util.IOUtils.peekFirstNBytes(IOUtils.java:111)
at org.apache.poi.poifs.filesystem.FileMagic.valueOf(FileMagic.java:206)
at org.apache.poi.ss.usermodel.WorkbookFactory.create(WorkbookFactory.java:248)
at org.apache.poi.ss.usermodel.WorkbookFactory.create(WorkbookFactory.java:221)
at com.comcast.crm.generic.fileutility.ExcelUtility.getDataFromExcel(ExcelUtility.java:30)
at com.comcast.crm.producttest.CreateProductTest.create_Product_With_VendorName(CreateProductTest.java:93)
at java.base/jdk.internal.reflect.NativeMethodAccessorImpl.invoke0(Native Method)
at java.base/jdk.internal.reflect.NativeMethodAccessorImpl.invoke(NativeMethodAccessorImpl.java:77)
at java.base/jdk.internal.reflect.DelegatingMethodAccessorImpl.invoke(DelegatingMethodAccessorImpl.java:43)
at java.base/java.lang.reflect.Method.invoke(Method.java:568)
at org.testng.internal.MethodInvocationHelper.invokeMethod(MethodInvocationHelper.java:124)
at org.testng.internal.Invoker.invokeMethod(Invoker.java:583)
at org.testng.internal.Invoker.invokeTestMethod(Invoker.java:719)
at org.testng.internal.Invoker.invokeTestMethods(Invoker.java:989)
at org.testng.internal.TestMethodWorker.invokeTestMethods(TestMethodWorker.java:125)
at org.testng.internal.TestMethodWorker.run(TestMethodWorker.java:109)
at org.testng.TestRunner.privateRun(TestRunner.java:648)
at org.testng.TestRunner.run(TestRunner.java:505)
at org.testng.SuiteRunner.runTest(SuiteRunner.java:455)
at org.testng.SuiteRunner.runSequentially(SuiteRunner.java:450)
at org.testng.SuiteRunner.privateRun(SuiteRunner.java:415)
at org.testng.SuiteRunner.run(SuiteRunner.java:364)
at org.testng.SuiteRunnerWorker.runSuite(SuiteRunnerWorker.java:52)
at org.testng.SuiteRunnerWorker.run(SuiteRunnerWorker.java:84)
at org.testng.TestNG.runSuitesSequentially(TestNG.java:1208)
at org.testng.TestNG.runSuitesLocally(TestNG.java:1137)
at org.testng.TestNG.runSuites(TestNG.java:1049)
at org.testng.TestNG.run(TestNG.java:1017)
at org.testng.remote.AbstractRemoteTestNG.run(AbstractRemoteTestNG.java:115)
at org.testng.remote.RemoteTestNG.initAndRun(RemoteTestNG.java:293)
at org.testng.remote.RemoteTestNG.main(RemoteTestNG.java:91)
]]>
    </failure>
  </testcase> <!-- create_Product_With_VendorName -->
  <testcase classname="com.comcast.crm.producttest.CreateProductTest" name="Add_Organization_To_ExistedProduct" time="0.0">
    <skipped/>
  </testcase> <!-- Add_Organization_To_ExistedProduct -->
=======
  </testcase> <!-- Create_opportunity_with_ContactTest -->
>>>>>>> branch 'master' of https://github.com/raghavendra9686628797/GUIFramework.git
>>>>>>> branch 'master' of https://github.com/JhanaviAsopa/GUIFramework.git
>>>>>>> branch 'master' of https://github.com/Sanjay-Neelagund/GUIFramework.git
>>>>>>> branch 'master' of https://github.com/raghavendra9686628797/GUIFramework.git
>>>>>>> branch 'master' of https://github.com/magendran07/GUIFramework.git
>>>>>>> branch 'master' of https://github.com/raghavendra9686628797/GUIFramework.git
</testsuite> <!-- Default test -->
>>>>>>> branch 'master' of https://github.com/Asha22R/GUIFramework.git
